{"/Users/artemkornishon/Documents/test-ci-2/src/js/app.js": {"path":"/Users/artemkornishon/Documents/test-ci-2/src/js/app.js","statementMap":{"0":{"start":{"line":2,"column":4},"end":{"line":2,"column":71}},"1":{"start":{"line":2,"column":40},"end":{"line":2,"column":68}}},"fnMap":{"0":{"name":"sortHeroes","decl":{"start":{"line":1,"column":24},"end":{"line":1,"column":34}},"loc":{"start":{"line":1,"column":49},"end":{"line":3,"column":3}},"line":1},"1":{"name":"(anonymous_1)","decl":{"start":{"line":2,"column":29},"end":{"line":2,"column":30}},"loc":{"start":{"line":2,"column":40},"end":{"line":2,"column":68}},"line":2}},"branchMap":{"0":{"loc":{"start":{"line":2,"column":40},"end":{"line":2,"column":68}},"type":"cond-expr","locations":[{"start":{"line":2,"column":62},"end":{"line":2,"column":64}},{"start":{"line":2,"column":67},"end":{"line":2,"column":68}}],"line":2}},"s":{"0":1,"1":4},"f":{"0":1,"1":4},"b":{"0":[2,2]},"_coverageSchema":"1a1c01bbd47fc00a2c39e90264f33305004495a9","hash":"f7020dbeb1d3dca2fb79be675ecd69a6f4f8f2d4"}
}
